<?xml version="1.0" encoding="UTF-8" ?>
<!DOCTYPE mapper
  PUBLIC "-//mybatis.org//DTD Mapper 3.0//EN"
  "http://mybatis.org/dtd/mybatis-3-mapper.dtd">
<mapper namespace="mybatis.test">
	<select id="test" resultType="Integer">
		select 1 from dual
	</select>

	<select id="list" resultType="dto.GridDTO">
		select * from listview
	</select>
	<insert id="insertmem" >
		insert into MEMBERAND values ( #{id,jdbcType=VARCHAR} ,   #{pw,jdbcType=VARCHAR} ,  #{name,jdbcType=VARCHAR} ,  #{birth,jdbcType=VARCHAR} )
	</insert>
	
	
	
	
	
</mapper>